2019-08-20 10:41:36.242 [main] INFO  com.example.demo.WebserviceDemoApplication - Starting WebserviceDemoApplication on DESKTOP-J2C5Q50 with PID 13860 (F:\SGWorkSpace\webservice-demo\target\classes started by Administrator in F:\SGWorkSpace\webservice-demo)
2019-08-20 10:41:36.244 [main] INFO  com.example.demo.WebserviceDemoApplication - No active profile set, falling back to default profiles: default
2019-08-20 10:41:36.282 [main] INFO  o.s.b.c.e.AnnotationConfigEmbeddedWebApplicationContext - Refreshing org.springframework.boot.context.embedded.AnnotationConfigEmbeddedWebApplicationContext@436813f3: startup date [Tue Aug 20 10:41:36 CST 2019]; root of context hierarchy
2019-08-20 10:41:36.551 [background-preinit] INFO  org.hibernate.validator.internal.util.Version - HV000001: Hibernate Validator 5.3.6.Final
2019-08-20 10:41:36.854 [main] INFO  o.s.beans.factory.xml.XmlBeanDefinitionReader - Loading XML bean definitions from class path resource [META-INF/cxf/cxf.xml]
2019-08-20 10:41:37.845 [main] INFO  o.s.b.c.e.tomcat.TomcatEmbeddedServletContainer - Tomcat initialized with port(s): 8080 (http)
2019-08-20 10:41:37.855 [main] INFO  org.apache.catalina.core.StandardService - Starting service [Tomcat]
2019-08-20 10:41:37.856 [main] INFO  org.apache.catalina.core.StandardEngine - Starting Servlet Engine: Apache Tomcat/8.5.27
2019-08-20 10:41:37.960 [localhost-startStop-1] INFO  o.a.c.core.ContainerBase.[Tomcat].[localhost].[/] - Initializing Spring embedded WebApplicationContext
2019-08-20 10:41:37.960 [localhost-startStop-1] INFO  org.springframework.web.context.ContextLoader - Root WebApplicationContext: initialization completed in 1678 ms
2019-08-20 10:41:38.572 [localhost-startStop-1] INFO  o.s.boot.web.servlet.ServletRegistrationBean - Mapping servlet: 'CXFServlet' to [/soap/*]
2019-08-20 10:41:38.573 [localhost-startStop-1] INFO  o.s.boot.web.servlet.ServletRegistrationBean - Mapping servlet: 'CXFServlet' to [/services/*]
2019-08-20 10:41:38.574 [localhost-startStop-1] INFO  o.s.boot.web.servlet.ServletRegistrationBean - Servlet CXFServlet was not registered (possibly already registered?)
2019-08-20 10:41:38.576 [localhost-startStop-1] INFO  o.s.boot.web.servlet.FilterRegistrationBean - Mapping filter: 'characterEncodingFilter' to: [/*]
2019-08-20 10:41:38.577 [localhost-startStop-1] INFO  o.s.boot.web.servlet.FilterRegistrationBean - Mapping filter: 'hiddenHttpMethodFilter' to: [/*]
2019-08-20 10:41:38.577 [localhost-startStop-1] INFO  o.s.boot.web.servlet.FilterRegistrationBean - Mapping filter: 'httpPutFormContentFilter' to: [/*]
2019-08-20 10:41:38.577 [localhost-startStop-1] INFO  o.s.boot.web.servlet.FilterRegistrationBean - Mapping filter: 'requestContextFilter' to: [/*]
2019-08-20 10:41:38.743 [main] INFO  o.a.c.w.s.factory.ReflectionServiceFactoryBean - Creating Service {http://service.demo.example.com/}UserService from class com.example.demo.service.UserService
2019-08-20 10:41:39.034 [main] INFO  org.apache.cxf.endpoint.ServerImpl - Setting the server's publish address to be /userService
2019-08-20 10:41:39.263 [main] INFO  o.s.w.s.m.m.a.RequestMappingHandlerAdapter - Looking for @ControllerAdvice: org.springframework.boot.context.embedded.AnnotationConfigEmbeddedWebApplicationContext@436813f3: startup date [Tue Aug 20 10:41:36 CST 2019]; root of context hierarchy
2019-08-20 10:41:39.320 [main] INFO  o.s.w.s.m.m.a.RequestMappingHandlerMapping - Mapped "{[/error]}" onto public org.springframework.http.ResponseEntity<java.util.Map<java.lang.String, java.lang.Object>> org.springframework.boot.autoconfigure.web.BasicErrorController.error(javax.servlet.http.HttpServletRequest)
2019-08-20 10:41:39.323 [main] INFO  o.s.w.s.m.m.a.RequestMappingHandlerMapping - Mapped "{[/error],produces=[text/html]}" onto public org.springframework.web.servlet.ModelAndView org.springframework.boot.autoconfigure.web.BasicErrorController.errorHtml(javax.servlet.http.HttpServletRequest,javax.servlet.http.HttpServletResponse)
2019-08-20 10:41:39.362 [main] INFO  o.s.web.servlet.handler.SimpleUrlHandlerMapping - Mapped URL path [/webjars/**] onto handler of type [class org.springframework.web.servlet.resource.ResourceHttpRequestHandler]
2019-08-20 10:41:39.363 [main] INFO  o.s.web.servlet.handler.SimpleUrlHandlerMapping - Mapped URL path [/**] onto handler of type [class org.springframework.web.servlet.resource.ResourceHttpRequestHandler]
2019-08-20 10:41:39.395 [main] INFO  o.s.web.servlet.handler.SimpleUrlHandlerMapping - Mapped URL path [/**/favicon.ico] onto handler of type [class org.springframework.web.servlet.resource.ResourceHttpRequestHandler]
2019-08-20 10:41:39.576 [main] INFO  o.s.jmx.export.annotation.AnnotationMBeanExporter - Registering beans for JMX exposure on startup
2019-08-20 10:41:39.589 [main] INFO  org.apache.coyote.http11.Http11NioProtocol - Initializing ProtocolHandler ["http-nio-8080"]
2019-08-20 10:41:39.600 [main] INFO  org.apache.coyote.http11.Http11NioProtocol - Starting ProtocolHandler ["http-nio-8080"]
2019-08-20 10:41:39.612 [main] INFO  org.apache.tomcat.util.net.NioSelectorPool - Using a shared selector for servlet write/read
2019-08-20 10:41:39.628 [main] INFO  o.s.b.c.e.tomcat.TomcatEmbeddedServletContainer - Tomcat started on port(s): 8080 (http)
2019-08-20 10:41:39.632 [main] INFO  com.example.demo.WebserviceDemoApplication - Started WebserviceDemoApplication in 3.681 seconds (JVM running for 4.152)
2019-08-20 10:41:45.564 [main] INFO  com.example.demo.client.CxfClient - 开始 main2...
